This is pdfTeX, Version 3.141592653-2.6-1.40.27 (TeX Live 2025) (preloaded format=pdflatex 2025.3.8)  10 DEC 2025 14:34
entering extended mode
 restricted \write18 enabled.
 file:line:error style messages enabled.
 %&-line parsing enabled.
**"/Users/gabrieljordaan/Desktop/Coding/Magnum opi/Wetris/Wetris-CPE-301-Final-Project/latex/REPORT.tex"
(/Users/gabrieljordaan/Desktop/Coding/Magnum opi/Wetris/Wetris-CPE-301-Final-Project/latex/REPORT.tex
LaTeX2e <2024-11-01> patch level 2
L3 programming layer <2025-01-18>
(/usr/local/texlive/2025basic/texmf-dist/tex/latex/base/article.cls
Document Class: article 2024/06/29 v1.4n Standard LaTeX document class
(/usr/local/texlive/2025basic/texmf-dist/tex/latex/base/size12.clo
File: size12.clo 2024/06/29 v1.4n Standard LaTeX file (size option)
)
\c@part=\count196
\c@section=\count197
\c@subsection=\count198
\c@subsubsection=\count199
\c@paragraph=\count266
\c@subparagraph=\count267
\c@figure=\count268
\c@table=\count269
\abovecaptionskip=\skip49
\belowcaptionskip=\skip50
\bibindent=\dimen141
) (/usr/local/texlive/2025basic/texmf-dist/tex/latex/base/inputenc.sty
Package: inputenc 2024/02/08 v1.3d Input encoding file
\inpenc@prehook=\toks17
\inpenc@posthook=\toks18
) (/usr/local/texlive/2025basic/texmf-dist/tex/latex/graphics/graphicx.sty
Package: graphicx 2021/09/16 v1.2d Enhanced LaTeX Graphics (DPC,SPQR)
 (/usr/local/texlive/2025basic/texmf-dist/tex/latex/graphics/keyval.sty
Package: keyval 2022/05/29 v1.15 key=value parser (DPC)
\KV@toks@=\toks19
) (/usr/local/texlive/2025basic/texmf-dist/tex/latex/graphics/graphics.sty
Package: graphics 2024/08/06 v1.4g Standard LaTeX Graphics (DPC,SPQR)
 (/usr/local/texlive/2025basic/texmf-dist/tex/latex/graphics/trig.sty
Package: trig 2023/12/02 v1.11 sin cos tan (DPC)
) (/usr/local/texlive/2025basic/texmf-dist/tex/latex/graphics-cfg/graphics.cfg
File: graphics.cfg 2016/06/04 v1.11 sample graphics configuration
)
Package graphics Info: Driver file: pdftex.def on input line 106.
 (/usr/local/texlive/2025basic/texmf-dist/tex/latex/graphics-def/pdftex.def
File: pdftex.def 2024/04/13 v1.2c Graphics/color driver for pdftex
))
\Gin@req@height=\dimen142
\Gin@req@width=\dimen143
) (/usr/local/texlive/2025basic/texmf-dist/tex/latex/float/float.sty
Package: float 2001/11/08 v1.3d Float enhancements (AL)
\c@float@type=\count270
\float@exts=\toks20
\float@box=\box52
\@float@everytoks=\toks21
\@floatcapt=\box53
) (/usr/local/texlive/2025basic/texmf-dist/tex/latex/hyperref/hyperref.sty
Package: hyperref 2024-11-05 v7.01l Hypertext links for LaTeX
 (/usr/local/texlive/2025basic/texmf-dist/tex/generic/iftex/iftex.sty
Package: iftex 2024/12/12 v1.0g TeX engine tests
) (/usr/local/texlive/2025basic/texmf-dist/tex/latex/kvsetkeys/kvsetkeys.sty
Package: kvsetkeys 2022-10-05 v1.19 Key value parser (HO)
) (/usr/local/texlive/2025basic/texmf-dist/tex/generic/kvdefinekeys/kvdefinekeys.sty
Package: kvdefinekeys 2019-12-19 v1.6 Define keys (HO)
) (/usr/local/texlive/2025basic/texmf-dist/tex/generic/pdfescape/pdfescape.sty
Package: pdfescape 2019/12/09 v1.15 Implements pdfTeX's escape features (HO)
 (/usr/local/texlive/2025basic/texmf-dist/tex/generic/ltxcmds/ltxcmds.sty
Package: ltxcmds 2023-12-04 v1.26 LaTeX kernel commands for general use (HO)
) (/usr/local/texlive/2025basic/texmf-dist/tex/generic/pdftexcmds/pdftexcmds.sty
Package: pdftexcmds 2020-06-27 v0.33 Utility functions of pdfTeX for LuaTeX (HO)
 (/usr/local/texlive/2025basic/texmf-dist/tex/generic/infwarerr/infwarerr.sty
Package: infwarerr 2019/12/03 v1.5 Providing info/warning/error messages (HO)
)
Package pdftexcmds Info: \pdf@primitive is available.
Package pdftexcmds Info: \pdf@ifprimitive is available.
Package pdftexcmds Info: \pdfdraftmode found.
)) (/usr/local/texlive/2025basic/texmf-dist/tex/latex/hycolor/hycolor.sty
Package: hycolor 2020-01-27 v1.10 Color options for hyperref/bookmark (HO)
) (/usr/local/texlive/2025basic/texmf-dist/tex/latex/hyperref/nameref.sty
Package: nameref 2023-11-26 v2.56 Cross-referencing by name of section
 (/usr/local/texlive/2025basic/texmf-dist/tex/latex/refcount/refcount.sty
Package: refcount 2019/12/15 v3.6 Data extraction from label references (HO)
) (/usr/local/texlive/2025basic/texmf-dist/tex/generic/gettitlestring/gettitlestring.sty
Package: gettitlestring 2019/12/15 v1.6 Cleanup title references (HO)
 (/usr/local/texlive/2025basic/texmf-dist/tex/latex/kvoptions/kvoptions.sty
Package: kvoptions 2022-06-15 v3.15 Key value format for package options (HO)
))
\c@section@level=\count271
) (/usr/local/texlive/2025basic/texmf-dist/tex/latex/etoolbox/etoolbox.sty
Package: etoolbox 2025/02/11 v2.5l e-TeX tools for LaTeX (JAW)
\etb@tempcnta=\count272
) (/usr/local/texlive/2025basic/texmf-dist/tex/generic/stringenc/stringenc.sty
Package: stringenc 2019/11/29 v1.12 Convert strings between diff. encodings (HO)
)
\@linkdim=\dimen144
\Hy@linkcounter=\count273
\Hy@pagecounter=\count274
 (/usr/local/texlive/2025basic/texmf-dist/tex/latex/hyperref/pd1enc.def
File: pd1enc.def 2024-11-05 v7.01l Hyperref: PDFDocEncoding definition (HO)
Now handling font encoding PD1 ...
... no UTF-8 mapping file for font encoding PD1
) (/usr/local/texlive/2025basic/texmf-dist/tex/generic/intcalc/intcalc.sty
Package: intcalc 2019/12/15 v1.3 Expandable calculations with integers (HO)
)
\Hy@SavedSpaceFactor=\count275
 (/usr/local/texlive/2025basic/texmf-dist/tex/latex/hyperref/puenc.def
File: puenc.def 2024-11-05 v7.01l Hyperref: PDF Unicode definition (HO)
Now handling font encoding PU ...
... no UTF-8 mapping file for font encoding PU
)
Package hyperref Info: Hyper figures OFF on input line 4157.
Package hyperref Info: Link nesting OFF on input line 4162.
Package hyperref Info: Hyper index ON on input line 4165.
Package hyperref Info: Plain pages OFF on input line 4172.
Package hyperref Info: Backreferencing OFF on input line 4177.
Package hyperref Info: Implicit mode ON; LaTeX internals redefined.
Package hyperref Info: Bookmarks ON on input line 4424.
\c@Hy@tempcnt=\count276
 (/usr/local/texlive/2025basic/texmf-dist/tex/latex/url/url.sty
\Urlmuskip=\muskip17
Package: url 2013/09/16  ver 3.4  Verb mode for urls, etc.
)
LaTeX Info: Redefining \url on input line 4763.
\XeTeXLinkMargin=\dimen145
 (/usr/local/texlive/2025basic/texmf-dist/tex/generic/bitset/bitset.sty
Package: bitset 2019/12/09 v1.3 Handle bit-vector datatype (HO)
 (/usr/local/texlive/2025basic/texmf-dist/tex/generic/bigintcalc/bigintcalc.sty
Package: bigintcalc 2019/12/15 v1.5 Expandable calculations on big integers (HO)
))
\Fld@menulength=\count277
\Field@Width=\dimen146
\Fld@charsize=\dimen147
Package hyperref Info: Hyper figures OFF on input line 6042.
Package hyperref Info: Link nesting OFF on input line 6047.
Package hyperref Info: Hyper index ON on input line 6050.
Package hyperref Info: backreferencing OFF on input line 6057.
Package hyperref Info: Link coloring OFF on input line 6062.
Package hyperref Info: Link coloring with OCG OFF on input line 6067.
Package hyperref Info: PDF/A mode OFF on input line 6072.
 (/usr/local/texlive/2025basic/texmf-dist/tex/latex/base/atbegshi-ltx.sty
Package: atbegshi-ltx 2021/01/10 v1.0c Emulation of the original atbegshi
package with kernel methods
)
\Hy@abspage=\count278
\c@Item=\count279
\c@Hfootnote=\count280
)
Package hyperref Info: Driver (autodetected): hpdftex.
 (/usr/local/texlive/2025basic/texmf-dist/tex/latex/hyperref/hpdftex.def
File: hpdftex.def 2024-11-05 v7.01l Hyperref driver for pdfTeX
 (/usr/local/texlive/2025basic/texmf-dist/tex/latex/base/atveryend-ltx.sty
Package: atveryend-ltx 2020/08/19 v1.0a Emulation of the original atveryend package
with kernel methods
)
\Fld@listcount=\count281
\c@bookmark@seq@number=\count282
 (/usr/local/texlive/2025basic/texmf-dist/tex/latex/rerunfilecheck/rerunfilecheck.sty
Package: rerunfilecheck 2022-07-10 v1.10 Rerun checks for auxiliary files (HO)
 (/usr/local/texlive/2025basic/texmf-dist/tex/generic/uniquecounter/uniquecounter.sty
Package: uniquecounter 2019/12/15 v1.4 Provide unlimited unique counter (HO)
)
Package uniquecounter Info: New unique counter `rerunfilecheck' on input line 285.
)
\Hy@SectionHShift=\skip51
) (/usr/local/texlive/2025basic/texmf-dist/tex/latex/geometry/geometry.sty
Package: geometry 2020/01/02 v5.9 Page Geometry
 (/usr/local/texlive/2025basic/texmf-dist/tex/generic/iftex/ifvtex.sty
Package: ifvtex 2019/10/25 v1.7 ifvtex legacy package. Use iftex instead.
)
\Gm@cnth=\count283
\Gm@cntv=\count284
\c@Gm@tempcnt=\count285
\Gm@bindingoffset=\dimen148
\Gm@wd@mp=\dimen149
\Gm@odd@mp=\dimen150
\Gm@even@mp=\dimen151
\Gm@layoutwidth=\dimen152
\Gm@layoutheight=\dimen153
\Gm@layouthoffset=\dimen154
\Gm@layoutvoffset=\dimen155
\Gm@dimlist=\toks22
) (/usr/local/texlive/2025basic/texmf-dist/tex/latex/siunitx/siunitx.sty
Package: siunitx 2025-07-09 v3.4.14 A comprehensive (SI) units package
\l__siunitx_number_uncert_offset_int=\count286
\l__siunitx_number_exponent_fixed_int=\count287
\l__siunitx_number_min_decimal_int=\count288
\l__siunitx_number_min_integer_int=\count289
\l__siunitx_number_round_precision_int=\count290
\l__siunitx_number_lower_threshold_int=\count291
\l__siunitx_number_upper_threshold_int=\count292
\l__siunitx_number_group_first_int=\count293
\l__siunitx_number_group_size_int=\count294
\l__siunitx_number_group_minimum_int=\count295
\l__siunitx_angle_tmp_dim=\dimen156
\l__siunitx_angle_marker_box=\box54
\l__siunitx_angle_unit_box=\box55
\l__siunitx_compound_count_int=\count296
 (/usr/local/texlive/2025basic/texmf-dist/tex/latex/amsmath/amstext.sty
Package: amstext 2021/08/26 v2.01 AMS text
 (/usr/local/texlive/2025basic/texmf-dist/tex/latex/amsmath/amsgen.sty
File: amsgen.sty 1999/11/30 v2.0 generic functions
\@emptytoks=\toks23
\ex@=\dimen157
))
\l__siunitx_table_tmp_box=\box56
\l__siunitx_table_tmp_dim=\dimen158
\l__siunitx_table_column_width_dim=\dimen159
\l__siunitx_table_integer_box=\box57
\l__siunitx_table_decimal_box=\box58
\l__siunitx_table_uncert_box=\box59
\l__siunitx_table_before_box=\box60
\l__siunitx_table_after_box=\box61
\l__siunitx_table_before_dim=\dimen160
\l__siunitx_table_carry_dim=\dimen161
\l__siunitx_unit_tmp_int=\count297
\l__siunitx_unit_position_int=\count298
\l__siunitx_unit_total_int=\count299
 (/usr/local/texlive/2025basic/texmf-dist/tex/latex/tools/array.sty
Package: array 2024/10/17 v2.6g Tabular extension package (FMi)
\col@sep=\dimen162
\ar@mcellbox=\box62
\extrarowheight=\dimen163
\NC@list=\toks24
\extratabsurround=\skip52
\backup@length=\skip53
\ar@cellbox=\box63
)) (/usr/local/texlive/2025basic/texmf-dist/tex/latex/graphics/color.sty
Package: color 2024/06/23 v1.3e Standard LaTeX Color (DPC)
 (/usr/local/texlive/2025basic/texmf-dist/tex/latex/graphics-cfg/color.cfg
File: color.cfg 2016/01/02 v1.6 sample color configuration
)
Package color Info: Driver file: pdftex.def on input line 149.
 (/usr/local/texlive/2025basic/texmf-dist/tex/latex/graphics/mathcolor.ltx)) (/usr/local/texlive/2025basic/texmf-dist/tex/latex/l3backend/l3backend-pdftex.def
File: l3backend-pdftex.def 2024-05-08 L3 backend support: PDF output (pdfTeX)
\l__color_backend_stack_int=\count300
\l__pdf_internal_box=\box64
) (./REPORT.aux)
\openout1 = `REPORT.aux'.

LaTeX Font Info:    Checking defaults for OML/cmm/m/it on input line 21.
LaTeX Font Info:    ... okay on input line 21.
LaTeX Font Info:    Checking defaults for OMS/cmsy/m/n on input line 21.
LaTeX Font Info:    ... okay on input line 21.
LaTeX Font Info:    Checking defaults for OT1/cmr/m/n on input line 21.
LaTeX Font Info:    ... okay on input line 21.
LaTeX Font Info:    Checking defaults for T1/cmr/m/n on input line 21.
LaTeX Font Info:    ... okay on input line 21.
LaTeX Font Info:    Checking defaults for TS1/cmr/m/n on input line 21.
LaTeX Font Info:    ... okay on input line 21.
LaTeX Font Info:    Checking defaults for OMX/cmex/m/n on input line 21.
LaTeX Font Info:    ... okay on input line 21.
LaTeX Font Info:    Checking defaults for U/cmr/m/n on input line 21.
LaTeX Font Info:    ... okay on input line 21.
LaTeX Font Info:    Checking defaults for PD1/pdf/m/n on input line 21.
LaTeX Font Info:    ... okay on input line 21.
LaTeX Font Info:    Checking defaults for PU/pdf/m/n on input line 21.
LaTeX Font Info:    ... okay on input line 21.
 (/usr/local/texlive/2025basic/texmf-dist/tex/context/base/mkii/supp-pdf.mkii
[Loading MPS to PDF converter (version 2006.09.02).]
\scratchcounter=\count301
\scratchdimen=\dimen164
\scratchbox=\box65
\nofMPsegments=\count302
\nofMParguments=\count303
\everyMPshowfont=\toks25
\MPscratchCnt=\count304
\MPscratchDim=\dimen165
\MPnumerator=\count305
\makeMPintoPDFobject=\count306
\everyMPtoPDFconversion=\toks26
) (/usr/local/texlive/2025basic/texmf-dist/tex/latex/epstopdf-pkg/epstopdf-base.sty
Package: epstopdf-base 2020-01-24 v2.11 Base part for package epstopdf
Package epstopdf-base Info: Redefining graphics rule for `.eps' on input line 485.
 (/usr/local/texlive/2025basic/texmf-dist/tex/latex/latexconfig/epstopdf-sys.cfg
File: epstopdf-sys.cfg 2010/07/13 v1.3 Configuration of (r)epstopdf for TeX Live
))
Package hyperref Info: Link coloring OFF on input line 21.
 (./REPORT.out) (./REPORT.out)
\@outlinefile=\write3
\openout3 = `REPORT.out'.


*geometry* driver: auto-detecting
*geometry* detected driver: pdftex
*geometry* verbose mode - [ preamble ] result:
* driver: pdftex
* paper: a4paper
* layout: <same size as paper>
* layoutoffset:(h,v)=(0.0pt,0.0pt)
* modes: 
* h-part:(L,W,R)=(72.26999pt, 452.9679pt, 72.26999pt)
* v-part:(T,H,B)=(72.26999pt, 700.50687pt, 72.26999pt)
* \paperwidth=597.50787pt
* \paperheight=845.04684pt
* \textwidth=452.9679pt
* \textheight=700.50687pt
* \oddsidemargin=0.0pt
* \evensidemargin=0.0pt
* \topmargin=-37.0pt
* \headheight=12.0pt
* \headsep=25.0pt
* \topskip=12.0pt
* \footskip=30.0pt
* \marginparwidth=35.0pt
* \marginparsep=10.0pt
* \columnsep=10.0pt
* \skip\footins=10.8pt plus 4.0pt minus 2.0pt
* \hoffset=0.0pt
* \voffset=0.0pt
* \mag=1000
* \@twocolumnfalse
* \@twosidefalse
* \@mparswitchfalse
* \@reversemarginfalse
* (1in=72.27pt=25.4mm, 1cm=28.453pt)

LaTeX Font Info:    External font `cmex10' loaded for size
(Font)              <14.4> on input line 24.
LaTeX Font Info:    External font `cmex10' loaded for size
(Font)              <7> on input line 24.
(./REPORT.toc
LaTeX Font Info:    External font `cmex10' loaded for size
(Font)              <12> on input line 4.
LaTeX Font Info:    External font `cmex10' loaded for size
(Font)              <8> on input line 4.
LaTeX Font Info:    External font `cmex10' loaded for size
(Font)              <6> on input line 4.


[1

{/usr/local/texlive/2025basic/texmf-var/fonts/map/pdftex/updmap/pdftex.map}])
\tf@toc=\write4
\openout4 = `REPORT.toc'.



[2]
LaTeX Font Info:    External font `cmex10' loaded for size
(Font)              <10.95> on input line 38.

Underfull \hbox (badness 1043) in paragraph at lines 41--41
[]|\OT1/cmr/m/n/10.95 UNR LI-BRARIES TRANS-
 []


Underfull \hbox (badness 10000) in paragraph at lines 61--61
\OT1/cmr/m/n/10.95 re-sis-tors, bread-board, 9V
 []


Underfull \hbox (badness 2980) in paragraph at lines 61--61
\OT1/cmr/m/n/10.95 bat-tery, USB ca-ble, opto-
 []


Underfull \hbox (badness 1237) in paragraph at lines 62--62
[]|\OT1/cmr/m/n/10.95 Took a lit-tle from an-other
 []



[3]
Overfull \hbox (23.50734pt too wide) in paragraph at lines 74--80
[]$\OT1/cmtt/m/n/12 https : / / cdn . robotshop . com / media / a / ard / rb-[]ard-[]33 / pdf / arduinomega2560datasheet .
 []


Overfull \hbox (16.83234pt too wide) in paragraph at lines 74--80
[]$\OT1/cmtt/m/n/12 https : / / www . alldatasheet . com / datasheet-[]pdf / download / 107092 / ATMEL / ATMEGA2560 .
 []



[4]
Overfull \hbox (3.98233pt too wide) in paragraph at lines 93--96
[]$\OT1/cmtt/m/n/12 https : / / www . amazon . com / dp / B0C43BNSQM ? ref _ =ppx _ hzsearch _ conn _ dt _ b _ fed _ asin _
 []


Overfull \hbox (49.70735pt too wide) in paragraph at lines 107--110
[]$\OT1/cmtt/m/n/12 https : / / www . amazon . com / Weasch-[]Forward-[]Pre-[]Wired-[]Actuator-[]Reversing / dp / B0FJQV4316 ?
 []


Overfull \hbox (12.65733pt too wide) in paragraph at lines 107--110
\OT1/cmtt/m/n/12 pd _ rd _ w = 4c3sO & content-[]id = amzn1 . sym . 97c08ff8-[]4f39-[]4f9e-[]b360-[]8dbdbec34ee6 & pf _
 []


Overfull \hbox (5.98233pt too wide) in paragraph at lines 107--110
\OT1/cmtt/m/n/12 rd _ p = 97c08ff8-[]4f39-[]4f9e-[]b360-[]8dbdbec34ee6 & pf _ rd _ r = YHHMAAYABW9QQTN9YD5D & pd _
 []


Overfull \hbox (18.33234pt too wide) in paragraph at lines 107--110
\OT1/cmtt/m/n/12 rd _ wg = pirQI & pd _ rd _ r = 114b95df-[]9ba3-[]4874-[]ba37-[]76236030403c & pd _ rd _ i = B0FJQV4316 &
 []



[5]

[6]

[7]

[8]
<photos/Circuit.jpeg, id=260, 4047.12pt x 3035.34pt>
File: photos/Circuit.jpeg Graphic file (type jpg)
<use photos/Circuit.jpeg>
Package pdftex.def Info: photos/Circuit.jpeg  used on input line 190.
(pdftex.def)             Requested size: 362.37569pt x 271.77934pt.
<photos/Normal Gameplay.jpeg, id=261, 3035.34pt x 4047.12pt>
File: photos/Normal Gameplay.jpeg Graphic file (type jpg)
<use photos/Normal Gameplay.jpeg>
Package pdftex.def Info: photos/Normal Gameplay.jpeg  used on input line 197.
(pdftex.def)             Requested size: 317.07614pt x 422.76788pt.


[9

 <./photos/Circuit.jpeg>]
<photos/Moving and Rotating.jpeg, id=267, 3035.34pt x 4047.12pt>
File: photos/Moving and Rotating.jpeg Graphic file (type jpg)
<use photos/Moving and Rotating.jpeg>
Package pdftex.def Info: photos/Moving and Rotating.jpeg  used on input line 204.
(pdftex.def)             Requested size: 317.07614pt x 422.76788pt.


[10 <./photos/Normal Gameplay.jpeg>]
<photos/Block Clear.jpeg, id=273, 4047.12pt x 3035.34pt>
File: photos/Block Clear.jpeg Graphic file (type jpg)
<use photos/Block Clear.jpeg>
Package pdftex.def Info: photos/Block Clear.jpeg  used on input line 211.
(pdftex.def)             Requested size: 317.07614pt x 237.78377pt.


[11 <./photos/Moving and Rotating.jpeg>]
<photos/point score.jpeg, id=279, 4047.12pt x 3035.34pt>
File: photos/point score.jpeg Graphic file (type jpg)
<use photos/point score.jpeg>
Package pdftex.def Info: photos/point score.jpeg  used on input line 218.
(pdftex.def)             Requested size: 317.07614pt x 237.78377pt.
<photos/win.jpeg, id=280, 4047.12pt x 3035.34pt>
File: photos/win.jpeg Graphic file (type jpg)
<use photos/win.jpeg>
Package pdftex.def Info: photos/win.jpeg  used on input line 225.
(pdftex.def)             Requested size: 317.07614pt x 237.78377pt.


[12 <./photos/Block Clear.jpeg> <./photos/point score.jpeg>]
<photos/loss.jpeg, id=287, 4047.12pt x 3035.34pt>
File: photos/loss.jpeg Graphic file (type jpg)
<use photos/loss.jpeg>
Package pdftex.def Info: photos/loss.jpeg  used on input line 232.
(pdftex.def)             Requested size: 317.07614pt x 237.78377pt.
<photos/You Needed A Wash.jpeg, id=288, 5733.42pt x 4300.065pt>
File: photos/You Needed A Wash.jpeg Graphic file (type jpg)
<use photos/You Needed A Wash.jpeg>
Package pdftex.def Info: photos/You Needed A Wash.jpeg  used on input line 239.
(pdftex.def)             Requested size: 317.07614pt x 237.78377pt.


[13 <./photos/win.jpeg> <./photos/loss.jpeg>]
<photos/Relay On.jpeg, id=296, 4047.12pt x 3035.34pt>
File: photos/Relay On.jpeg Graphic file (type jpg)
<use photos/Relay On.jpeg>
Package pdftex.def Info: photos/Relay On.jpeg  used on input line 246.
(pdftex.def)             Requested size: 317.07614pt x 237.78377pt.
<photos/relay off.jpeg, id=297, 3035.34pt x 4047.12pt>
File: photos/relay off.jpeg Graphic file (type jpg)
<use photos/relay off.jpeg>
Package pdftex.def Info: photos/relay off.jpeg  used on input line 253.
(pdftex.def)             Requested size: 317.07614pt x 422.76788pt.


[14 <./photos/You Needed A Wash.jpeg> <./photos/Relay On.jpeg>]
<photos/intheface.jpeg, id=305, 742.775pt x 732.7375pt>
File: photos/intheface.jpeg Graphic file (type jpg)
<use photos/intheface.jpeg>
Package pdftex.def Info: photos/intheface.jpeg  used on input line 260.
(pdftex.def)             Requested size: 317.07614pt x 312.79013pt.


[15 <./photos/relay off.jpeg>]

[16 <./photos/intheface.jpeg>]

[17]

[18]
<photos/Casing2.0.pdf, id=328, 845.0471pt x 597.50829pt>
File: photos/Casing2.0.pdf Graphic file (type pdf)
<use photos/Casing2.0.pdf>
Package pdftex.def Info: photos/Casing2.0.pdf  used on input line 307.
(pdftex.def)             Requested size: 362.37569pt x 256.22153pt.
<photos/sld1.png, id=329, 1517.67pt x 985.6825pt>
File: photos/sld1.png Graphic file (type png)
<use photos/sld1.png>
Package pdftex.def Info: photos/sld1.png  used on input line 314.
(pdftex.def)             Requested size: 362.37569pt x 235.35036pt.


[19 <./photos/Casing2.0.pdf>]
<photos/sld2.png, id=355, 1517.67pt x 985.6825pt>
File: photos/sld2.png Graphic file (type png)
<use photos/sld2.png>
Package pdftex.def Info: photos/sld2.png  used on input line 321.
(pdftex.def)             Requested size: 362.37569pt x 235.35036pt.
<photos/sld3.png, id=356, 1517.67pt x 985.6825pt>
File: photos/sld3.png Graphic file (type png)
<use photos/sld3.png>
Package pdftex.def Info: photos/sld3.png  used on input line 328.
(pdftex.def)             Requested size: 362.37569pt x 235.35036pt.


[20 <./photos/sld1.png> <./photos/sld2.png>]
<photos/sld4.png, id=365, 1517.67pt x 985.6825pt>
File: photos/sld4.png Graphic file (type png)
<use photos/sld4.png>
Package pdftex.def Info: photos/sld4.png  used on input line 335.
(pdftex.def)             Requested size: 362.37569pt x 235.35036pt.


[21 <./photos/sld3.png> <./photos/sld4.png>]
Overfull \hbox (22.50734pt too wide) in paragraph at lines 350--352
[]$\OT1/cmtt/m/n/12 https : / / drive . google . com / drive / folders / 1Q4Bg4BSVfFWwpvJh6P310yMYkDlfBsM4 ? usp =
 []


Overfull \hbox (22.50734pt too wide) in paragraph at lines 354--356
[]$\OT1/cmtt/m/n/12 https : / / drive . google . com / drive / folders / 11z260TUOtaoRf2S6610Rd5JktC3WCf8y ? usp =
 []


Overfull \hbox (14.95775pt too wide) in paragraph at lines 357--357
[]\OT1/cmr/bx/n/17.28 Environmental Im-pact as De-tailed in CPE 301 Grad-
 []



[22]
<photos/Gabriel_Jordaan.jpg, id=385, 1210.5225pt x 1608.0075pt>
File: photos/Gabriel_Jordaan.jpg Graphic file (type jpg)
<use photos/Gabriel_Jordaan.jpg>
Package pdftex.def Info: photos/Gabriel_Jordaan.jpg  used on input line 380.
(pdftex.def)             Requested size: 85.35826pt x 113.38171pt.

Underfull \hbox (badness 1789) in paragraph at lines 397--398
[]\OT1/cmr/m/n/12 Project man-ager, hard-ware de-vel-oper, en-clo-sure de-
 []


Underfull \hbox (badness 1270) in paragraph at lines 433--434
[]\OT1/cmr/m/n/12 Currently a Bach-e-lor's stu-dent at the Uni-ver-sity of
 []



[23 <./photos/Gabriel_Jordaan.jpg>]

[24]
Underfull \hbox (badness 10000) in paragraph at lines 505--508

 []


Underfull \hbox (badness 10000) in paragraph at lines 514--515

 []



[25

]
<photos/wetris_logo.png, id=405, 1027.84pt x 1027.84pt>
File: photos/wetris_logo.png Graphic file (type png)
<use photos/wetris_logo.png>
Package pdftex.def Info: photos/wetris_logo.png  used on input line 524.
(pdftex.def)             Requested size: 362.37569pt x 362.38423pt.


[26

 <./photos/wetris_logo.png (PNG copy)>] (./REPORT.aux)
 ***********
LaTeX2e <2024-11-01> patch level 2
L3 programming layer <2025-01-18>
 ***********
Package rerunfilecheck Info: File `REPORT.out' has not changed.
(rerunfilecheck)             Checksum: 7E26398216DD0BF1B6721808DA5A5966;5481.
 ) 
Here is how much of TeX's memory you used:
 12470 strings out of 474662
 243211 string characters out of 5751110
 621671 words of memory out of 5000000
 35308 multiletter control sequences out of 15000+600000
 567445 words of font info for 64 fonts, out of 8000000 for 9000
 319 hyphenation exceptions out of 8191
 75i,10n,79p,1024b,1050s stack positions out of 10000i,1000n,20000p,200000b,200000s
 </Users/gabrieljordaan/Library/texlive/2025basic/texmf-var/fonts/pk/ljfour/jknappen/ec/tcrm1200.600pk> </Users/gabrieljordaan/Library/texlive/2025basic/texmf-var/fonts/pk/ljfour/jknappen/ec/tcbx1095.600pk> </Users/gabrieljordaan/Library/texlive/2025basic/texmf-var/fonts/pk/ljfour/jknappen/ec/tcrm1095.600pk></usr/local/texlive/2025basic/texmf-dist/fonts/type1/public/amsfonts/cm/cmbx10.pfb></usr/local/texlive/2025basic/texmf-dist/fonts/type1/public/amsfonts/cm/cmbx12.pfb></usr/local/texlive/2025basic/texmf-dist/fonts/type1/public/amsfonts/cm/cmmi12.pfb></usr/local/texlive/2025basic/texmf-dist/fonts/type1/public/amsfonts/cm/cmr10.pfb></usr/local/texlive/2025basic/texmf-dist/fonts/type1/public/amsfonts/cm/cmr12.pfb></usr/local/texlive/2025basic/texmf-dist/fonts/type1/public/amsfonts/cm/cmr17.pfb></usr/local/texlive/2025basic/texmf-dist/fonts/type1/public/amsfonts/cm/cmsy10.pfb></usr/local/texlive/2025basic/texmf-dist/fonts/type1/public/amsfonts/cm/cmti12.pfb></usr/local/texlive/2025basic/texmf-dist/fonts/type1/public/amsfonts/cm/cmtt12.pfb>
Output written on REPORT.pdf (26 pages, 22608949 bytes).
PDF statistics:
 488 PDF objects out of 1000 (max. 8388607)
 404 compressed objects within 5 object streams
 91 named destinations out of 1000 (max. 500000)
 403 words of extra memory for PDF output out of 10000 (max. 10000000)

